TN:
SF:src\components\molecules\LabeledText\index.tsx
FN:3,(anonymous_0)
FN:8,convertToKebabCase
FNF:2
FNH:2
FNDA:1,(anonymous_0)
FNDA:1,convertToKebabCase
DA:1,1
DA:3,1
DA:9,1
DA:14,1
DA:27,1
LF:5
LH:5
BRF:0
BRH:0
end_of_record
TN:
SF:src\components\ui\label.tsx
FN:6,Label
FNF:1
FNH:1
FNDA:1,Label
DA:1,1
DA:2,1
DA:4,1
DA:7,1
DA:8,1
DA:10,1
DA:22,1
LF:7
LH:7
BRF:0
BRH:0
end_of_record
TN:
SF:src\lib\utils.ts
FN:4,cn
FNF:1
FNH:1
FNDA:1,cn
DA:1,1
DA:2,1
DA:4,1
DA:5,1
LF:4
LH:4
BRF:0
BRH:0
end_of_record
